*** Using Compiler 'V5.06 update 7 (build 960)', folder: 'D:\Keil\Keil_v5\ARM\ARMCC\Bin'
Build target 'DifferentialCar'
assembling startup_stm32f407xx.s...
compiling main.c...
../Core/Src/main.c(79): warning:  #1295-D: Deprecated declaration KEY_SCAN - give arg types
  void KEY_SCAN(); // °´¼üÉ¨Ãè
../Core/Src/main.c(280): error:  #167: argument of type "float (*)[11]" is incompatible with parameter of type "float *"
      MG513_encodervalue_get(&car.motorgroup[0]->cout, &htim2);
../Core/Src/main.c(281): error:  #167: argument of type "float (*)[11]" is incompatible with parameter of type "float *"
      MG513_encodervalue_get(&car.motorgroup[1]->cout, &htim3);
../Core/Src/main.c: 1 warning, 2 errors
compiling Task.c...
compiling stm32f4xx_hal_timebase_tim.c...
compiling stm32f4xx_it.c...
"DifferentialCar\DifferentialCar.axf" - 2 Error(s), 1 Warning(s).
Target not created.
Build Time Elapsed:  00:00:03
